<?xml version="1.0" encoding="UTF-8"?>
<!-- Generated by org.testng.reporters.JUnitReportReporter -->
<testsuite hostname="DESKTOP-ANE9MV9" failures="0" tests="1" name="testcases.AmazonAddTest" time="38.079" errors="0" timestamp="2025-06-03T17:33:47 IST" skipped="0">
  <testcase classname="testcases.AmazonAddTest" name="testAddBookToCart" time="38.079"/>
  <system-out/>
</testsuite> <!-- testcases.AmazonAddTest -->
