<?xml version="1.0" encoding="UTF-8"?>
<!-- Generated by org.testng.reporters.JUnitReportReporter -->
<testsuite hostname="DESKTOP-ANE9MV9" failures="0" tests="1" name="TestCases.AmazonTest" time="33.731" errors="0" timestamp="2025-06-03T16:00:59 IST" skipped="0">
  <testcase classname="TestCases.AmazonTest" name="testAddBookToCart" time="33.731"/>
  <system-out/>
</testsuite> <!-- TestCases.AmazonTest -->
